[2025-10-09T14:08:58.787Z] POST /api/categories
[2025-10-09T14:12:33.029Z] POST /api/categories
[2025-10-09T14:14:10.634Z] POST /api/categories
[2025-10-09T14:25:42.648Z] POST /api/categories 500 16ms ::1
[2025-10-09T14:30:15.033Z] POST /api/categories/xxxxxxxxx 404 4ms ::1
[2025-10-09T14:57:19.280Z] POST /api/categories/ 500 20ms ::1
[2025-10-09T14:57:21.402Z] POST /api/categories/ 500 13ms ::1
[2025-10-09T16:30:46.937Z] GET /api/products 200 77ms ::1
[2025-10-09T16:31:50.937Z] GET /api/categories 200 9ms ::1
[2025-10-09T16:32:01.409Z] PATCH /api/products/68e780ba103177cc928095dc 200 27ms ::1
[2025-10-09T16:32:24.009Z] GET /api/products 200 27ms ::1
[2025-10-10T13:53:30.026Z] POST /api/categories 500 74ms ::1
[2025-10-10T14:02:10.884Z] POST /api/categories 500 55ms ::1
[2025-10-10T14:09:37.936Z] POST /api/categories 500 32ms ::1
[2025-10-10T14:09:39.269Z] POST /api/categories 500 5ms ::1
[2025-10-10T14:09:39.809Z] POST /api/categories 500 5ms ::1
[2025-10-10T14:26:37.589Z] POST /api/categories 500 23ms ::1
[2025-10-10T14:27:59.130Z] POST /api/categories 500 23ms ::1
[2025-10-10T14:31:48.463Z] PATCH /api/categories/68e68e75139258d7d83b35ee 404 27ms ::1
[2025-10-10T14:31:53.569Z] PATCH /api/categories/68e68e75139258d7d83b35eemmcm 500 8ms ::1
[2025-10-10T14:32:18.894Z] PATCH /api/categories/68e68e75139258d7d83b35es 500 5ms ::1
[2025-10-10T14:32:35.266Z] PATCH /api/categories/68e68e75139258d7d83b35ee 404 3ms ::1
[2025-10-10T14:38:48.076Z] PATCH /api/categories/68e68e75139258d7d83b35ee 404 22ms ::1
[2025-10-10T14:38:52.095Z] PATCH /api/categories/68e68e75139258d7d83b35ex 500 5ms ::1
[2025-10-10T14:39:08.441Z] PATCH /api/categories/68e68e75139258d7d83b35ex 500 16ms ::1
[2025-10-10T14:39:57.505Z] PATCH /api/categories/68e68e75139258d7d83b35ex 500 16ms ::1
[2025-10-10T15:03:06.053Z] PATCH /api/categories/68e68e75139258d7d83b35ex 500 28ms ::1
[2025-10-10T15:03:16.168Z] PATCH /api/categories/68e68e75139258d7d83b35ex 500 26ms ::1
[2025-10-10T16:26:04.169Z] GET /api-docs 404 19ms ::1
[2025-10-10T16:27:10.788Z] GET /api-docs 404 15ms ::1
[2025-10-10T16:27:12.419Z] GET /api-docs 404 3ms ::1
[2025-10-10T16:27:13.015Z] GET /api-docs 404 2ms ::1
[2025-10-10T16:27:51.443Z] GET /api-docs 404 22ms ::1
[2025-10-10T16:27:52.217Z] GET /api-docs 404 3ms ::1
[2025-10-10T16:27:52.435Z] GET /api-docs 404 1ms ::1
[2025-10-10T16:27:52.608Z] GET /api-docs 404 2ms ::1
[2025-10-10T16:27:52.749Z] GET /api-docs 404 1ms ::1
[2025-10-10T16:30:22.536Z] GET /api-docs 404 13ms ::1
[2025-10-10T16:30:23.351Z] GET /api-docs 404 2ms ::1
[2025-10-10T16:30:23.883Z] GET /api-docs 404 1ms ::1
[2025-10-10T16:30:36.192Z] GET /api-docs 404 57ms ::1
[2025-10-10T16:30:47.325Z] GET /api/docs 301 26ms ::1
[2025-10-10T16:30:47.342Z] GET /api/docs/ 200 10ms ::1
[2025-10-10T16:30:47.379Z] GET /api/docs/swagger-ui-init.js 200 1ms ::1
[2025-10-10T16:30:47.386Z] GET /api/docs/swagger-ui.css 200 26ms ::1
[2025-10-10T16:30:47.416Z] GET /api/docs/swagger-ui-bundle.js 200 39ms ::1
[2025-10-10T16:30:47.605Z] GET /api/docs/swagger-ui-standalone-preset.js 200 235ms ::1
[2025-10-10T16:30:47.772Z] GET /api/docs/favicon-32x32.png 200 23ms ::1
[2025-10-12T06:56:43.060Z] POST /api/api/users 404 1ms ::1
[2025-10-12T06:56:47.974Z] POST /api/api/users 404 1ms ::1
[2025-10-12T06:57:10.689Z] POST /api/api/users 404 1ms ::1
[2025-10-12T06:57:13.758Z] POST /api/api/users 404 1ms ::1
[2025-10-12T06:57:53.502Z] GET /api/docs/ 304 75ms ::1
[2025-10-12T06:57:53.571Z] GET /api/docs/swagger-ui-init.js 200 4ms ::1
[2025-10-12T06:57:53.585Z] GET /api/docs/swagger-ui.css 304 29ms ::1
[2025-10-12T06:57:53.590Z] GET /api/docs/swagger-ui-bundle.js 304 32ms ::ffff:127.0.0.1
[2025-10-12T06:57:53.592Z] GET /api/docs/swagger-ui-standalone-preset.js 304 31ms ::ffff:127.0.0.1
[2025-10-12T06:57:53.826Z] GET /api/docs/favicon-32x32.png 304 1ms ::ffff:127.0.0.1
[2025-10-12T06:57:54.047Z] GET /api/docs/ 304 2ms ::ffff:127.0.0.1
[2025-10-12T06:57:54.075Z] GET /api/docs/swagger-ui.css 304 3ms ::ffff:127.0.0.1
[2025-10-12T06:57:54.083Z] GET /api/docs/swagger-ui-init.js 304 1ms ::1
[2025-10-12T06:57:54.087Z] GET /api/docs/swagger-ui-bundle.js 304 9ms ::ffff:127.0.0.1
[2025-10-12T06:57:54.090Z] GET /api/docs/swagger-ui-standalone-preset.js 304 10ms ::ffff:127.0.0.1
[2025-10-12T06:57:54.182Z] GET /api/docs/favicon-32x32.png 304 1ms ::ffff:127.0.0.1
[2025-10-12T06:58:06.013Z] POST /api/users 400 10ms ::1
[2025-10-12T06:59:47.495Z] POST /api/users 400 32ms ::1
[2025-10-12T06:59:58.573Z] GET /api/docs/ 304 42ms ::1
[2025-10-12T06:59:58.591Z] GET /api/docs/swagger-ui.css 304 9ms ::1
[2025-10-12T06:59:58.604Z] GET /api/docs/swagger-ui-standalone-preset.js 304 7ms ::1
[2025-10-12T06:59:58.608Z] GET /api/docs/swagger-ui-bundle.js 304 8ms ::1
[2025-10-12T06:59:58.613Z] GET /api/docs/swagger-ui-init.js 200 3ms ::1
[2025-10-12T06:59:58.725Z] GET /api/docs/favicon-32x32.png 304 2ms ::1
[2025-10-12T07:00:11.444Z] POST /api/users 400 12ms ::1
[2025-10-12T07:02:05.254Z] GET /api/docs/ 304 84ms ::1
[2025-10-12T07:02:05.297Z] GET /api/docs/swagger-ui.css 304 17ms ::1
[2025-10-12T07:02:05.301Z] GET /api/docs/swagger-ui-bundle.js 304 15ms ::1
[2025-10-12T07:02:05.314Z] GET /api/docs/swagger-ui-init.js 200 3ms ::1
[2025-10-12T07:02:05.319Z] GET /api/docs/swagger-ui-standalone-preset.js 304 12ms ::1
[2025-10-12T07:02:05.394Z] GET /api/docs/favicon-32x32.png 304 2ms ::1
[2025-10-12T07:10:59.205Z] GET /api/docs/ 304 32ms ::1
[2025-10-12T07:10:59.290Z] GET /api/docs/swagger-ui.css 304 7ms ::1
[2025-10-12T07:10:59.311Z] GET /api/docs/swagger-ui-init.js 200 4ms ::1
[2025-10-12T07:10:59.320Z] GET /api/docs/swagger-ui-bundle.js 304 18ms ::1
[2025-10-12T07:10:59.326Z] GET /api/docs/swagger-ui-standalone-preset.js 304 22ms ::1
[2025-10-12T07:10:59.838Z] GET /api/docs/favicon-32x32.png 304 6ms ::1
[2025-10-12T07:11:15.459Z] POST /api/users 400 35ms ::1
[2025-10-12T07:11:33.693Z] POST /api/users 500 369ms ::1
[2025-10-12T07:12:56.567Z] POST /api/users 500 41ms ::1
[2025-10-12T07:14:43.623Z] GET /api/docs/ 304 45ms ::1
[2025-10-12T07:14:43.654Z] GET /api/docs/swagger-ui.css 304 10ms ::1
[2025-10-12T07:14:43.664Z] GET /api/docs/swagger-ui-bundle.js 304 5ms ::1
[2025-10-12T07:14:43.677Z] GET /api/docs/swagger-ui-init.js 200 5ms ::1
[2025-10-12T07:14:43.684Z] GET /api/docs/swagger-ui-standalone-preset.js 304 15ms ::1
[2025-10-12T07:14:44.051Z] GET /api/docs/favicon-32x32.png 304 3ms ::1
[2025-10-12T07:14:58.299Z] POST /api/users 201 143ms ::1
[2025-10-12T07:17:35.343Z] GET /api/docs/ 304 30ms ::1
[2025-10-12T07:17:35.376Z] GET /api/docs/swagger-ui.css 304 9ms ::1
[2025-10-12T07:17:35.380Z] GET /api/docs/swagger-ui-bundle.js 304 11ms ::1
[2025-10-12T07:17:35.391Z] GET /api/docs/swagger-ui-init.js 200 3ms ::1
[2025-10-12T07:17:35.396Z] GET /api/docs/swagger-ui-standalone-preset.js 304 11ms ::1
[2025-10-12T07:17:35.522Z] GET /api/docs/favicon-32x32.png 304 1ms ::1
[2025-10-12T07:17:46.806Z] POST /api/users 201 144ms ::1
[2025-10-12T07:37:48.971Z] GET / 200 31ms ::1
[2025-10-12T07:37:49.120Z] GET /favicon.ico 404 4ms ::1
[2025-10-12T07:40:26.334Z] GET /auth/login 404 2ms ::1
[2025-10-12T07:40:32.113Z] GET /api/docs/ 304 10ms ::1
[2025-10-12T07:40:32.161Z] GET /api/docs/swagger-ui-init.js 200 4ms ::1
[2025-10-12T07:40:32.170Z] GET /api/docs/swagger-ui-bundle.js 304 18ms ::1
[2025-10-12T07:40:32.166Z] GET /api/docs/swagger-ui.css 304 18ms ::1
[2025-10-12T07:40:32.173Z] GET /api/docs/swagger-ui-standalone-preset.js 304 18ms ::1
[2025-10-12T07:41:23.539Z] GET /api/docs/ 304 64ms ::1
[2025-10-12T07:41:23.596Z] GET /api/docs/swagger-ui-init.js 200 4ms ::1
[2025-10-12T07:41:23.605Z] GET /api/docs/swagger-ui.css 304 24ms ::1
[2025-10-12T07:41:23.608Z] GET /api/docs/swagger-ui-bundle.js 304 21ms ::ffff:127.0.0.1
[2025-10-12T07:41:23.611Z] GET /api/docs/swagger-ui-standalone-preset.js 304 23ms ::ffff:127.0.0.1
[2025-10-12T07:41:23.845Z] GET /api/docs/favicon-32x32.png 304 2ms ::ffff:127.0.0.1
[2025-10-12T07:41:43.769Z] POST /api/categories 201 45ms ::1
[2025-10-12T07:41:48.729Z] POST /api/categories 500 38ms ::1
[2025-10-12T07:43:50.499Z] GET /api/docs/ 304 20ms ::1
[2025-10-12T07:43:50.525Z] GET /api/docs/swagger-ui.css 304 4ms ::1
[2025-10-12T07:43:50.536Z] GET /api/docs/swagger-ui-init.js 200 3ms ::1
[2025-10-12T07:43:50.540Z] GET /api/docs/swagger-ui-bundle.js 304 11ms ::1
[2025-10-12T07:43:50.543Z] GET /api/docs/swagger-ui-standalone-preset.js 304 12ms ::1
[2025-10-12T07:43:50.746Z] GET /api/docs/favicon-32x32.png 304 3ms ::1
[2025-10-12T07:44:10.637Z] POST /api/products 400 43ms ::1
[2025-10-12T07:45:31.504Z] POST /api/products 500 43ms ::1
[2025-10-12T07:46:02.111Z] GET /api/categories 200 51ms ::1
[2025-10-12T07:46:57.217Z] POST /api/products 400 16ms ::1
[2025-10-12T07:49:22.353Z] POST /api/products 201 63ms ::1
[2025-10-12T07:49:33.918Z] POST /api/products 400 6ms ::1
[2025-10-12T07:49:51.588Z] POST /api/products 400 23ms ::1
[2025-10-12T07:49:58.652Z] POST /api/products 400 5ms ::1
[2025-10-12T07:50:11.705Z] GET /api/docs/ 304 15ms ::1
[2025-10-12T07:50:11.738Z] GET /api/docs/swagger-ui.css 304 8ms ::1
[2025-10-12T07:50:11.743Z] GET /api/docs/swagger-ui-init.js 304 1ms ::1
[2025-10-12T07:50:11.748Z] GET /api/docs/swagger-ui-bundle.js 304 13ms ::1
[2025-10-12T07:50:11.751Z] GET /api/docs/swagger-ui-standalone-preset.js 304 10ms ::1
[2025-10-12T07:50:11.924Z] GET /api/docs/favicon-32x32.png 304 2ms ::1
[2025-10-12T07:50:16.216Z] POST /api/products 400 9ms ::1
[2025-10-12T07:50:36.415Z] POST /api/products 201 46ms ::1
[2025-10-12T07:52:38.996Z] POST /api/products 201 52ms ::1
[2025-10-12T07:52:41.807Z] POST /api/products 201 16ms ::1
[2025-10-12T07:52:49.825Z] GET /api/docs/ 304 14ms ::1
[2025-10-12T07:52:49.853Z] GET /api/docs/swagger-ui.css 304 7ms ::1
[2025-10-12T07:52:49.857Z] GET /api/docs/swagger-ui-bundle.js 304 9ms ::1
[2025-10-12T07:52:49.863Z] GET /api/docs/swagger-ui-init.js 304 2ms ::1
[2025-10-12T07:52:49.868Z] GET /api/docs/swagger-ui-standalone-preset.js 304 8ms ::1
[2025-10-12T07:52:50.019Z] GET /api/docs/favicon-32x32.png 304 3ms ::1
[2025-10-12T07:52:58.456Z] POST /api/products 201 18ms ::1
